[2015-06-12T17:36:08.734+0800] [] [INFO] [NCLS-GFLAUNCHER-00005] [javax.enterprise.launcher] [tid: _ThreadID=1 _ThreadName=main] [timeMillis: 1434101768734] [levelValue: 800] [[
  JVM invocation command line:
C:\jdk\jdk1.8.0_45\bin\java.exe
-cp
F:/eclipse_workspace_4.4/jndi-glassfish41-snippets/server/glassfish-4.1/glassfish4/glassfish/modules/glassfish.jar
-XX:+UnlockDiagnosticVMOptions
-XX:NewRatio=2
-XX:MaxPermSize=192m
-Xmx512m
-client
-javaagent:F:/eclipse_workspace_4.4/jndi-glassfish41-snippets/server/glassfish-4.1/glassfish4/glassfish/lib/monitor/flashlight-agent.jar
-Djavax.xml.accessExternalSchema=all
-Djavax.net.ssl.trustStore=F:\eclipse_workspace_4.4\jndi-glassfish41-snippets\server\glassfish-4.1\glassfish4\glassfish\domains\domain1/config/cacerts.jks
-Djdk.corba.allowOutputStreamSubclass=true
-Dfelix.fileinstall.dir=F:\eclipse_workspace_4.4\jndi-glassfish41-snippets\server\glassfish-4.1\glassfish4\glassfish/modules/autostart/
-Dorg.glassfish.additionalOSGiBundlesToStart=org.apache.felix.shell,org.apache.felix.gogo.runtime,org.apache.felix.gogo.shell,org.apache.felix.gogo.command,org.apache.felix.shell.remote,org.apache.felix.fileinstall
-Dcom.sun.aas.installRoot=F:\eclipse_workspace_4.4\jndi-glassfish41-snippets\server\glassfish-4.1\glassfish4\glassfish
-Dfelix.fileinstall.poll=5000
-Djava.endorsed.dirs=F:\eclipse_workspace_4.4\jndi-glassfish41-snippets\server\glassfish-4.1\glassfish4\glassfish/modules/endorsed;F:\eclipse_workspace_4.4\jndi-glassfish41-snippets\server\glassfish-4.1\glassfish4\glassfish/lib/endorsed
-Djava.security.policy=F:\eclipse_workspace_4.4\jndi-glassfish41-snippets\server\glassfish-4.1\glassfish4\glassfish\domains\domain1/config/server.policy
-Dosgi.shell.telnet.maxconn=1
-Dfelix.fileinstall.bundles.startTransient=true
-Dcom.sun.enterprise.config.config_environment_factory_class=com.sun.enterprise.config.serverbeans.AppserverConfigEnvironmentFactory
-Dfelix.fileinstall.log.level=2
-Djavax.net.ssl.keyStore=F:\eclipse_workspace_4.4\jndi-glassfish41-snippets\server\glassfish-4.1\glassfish4\glassfish\domains\domain1/config/keystore.jks
-Djava.security.auth.login.config=F:\eclipse_workspace_4.4\jndi-glassfish41-snippets\server\glassfish-4.1\glassfish4\glassfish\domains\domain1/config/login.conf
-Dfelix.fileinstall.disableConfigSave=false
-Dfelix.fileinstall.bundles.new.start=true
-Dcom.sun.aas.instanceRoot=F:\eclipse_workspace_4.4\jndi-glassfish41-snippets\server\glassfish-4.1\glassfish4\glassfish\domains\domain1
-Dosgi.shell.telnet.port=6666
-Dgosh.args=--nointeractive
-Dcom.sun.enterprise.security.httpsOutboundKeyAlias=s1as
-Dosgi.shell.telnet.ip=127.0.0.1
-DANTLR_USE_DIRECT_CLASS_LOADING=true
-Djava.awt.headless=true
-Dcom.ctc.wstx.returnNullForDefaultNamespace=true
-Djava.ext.dirs=C:\jdk\jdk1.8.0_45/lib/ext;C:\jdk\jdk1.8.0_45/jre/lib/ext;F:\eclipse_workspace_4.4\jndi-glassfish41-snippets\server\glassfish-4.1\glassfish4\glassfish\domains\domain1/lib/ext
-Djdbc.drivers=org.apache.derby.jdbc.ClientDriver
-Djava.library.path=F:/eclipse_workspace_4.4/jndi-glassfish41-snippets/server/glassfish-4.1/glassfish4/glassfish/lib;C:/ProgramData/Oracle/Java/javapath;C:/Windows/Sun/Java/bin;C:/Windows/System32;C:/Windows;C:/Windows/System32/wbem;C:/Windows/System32/WindowsPowerShell/v1.0;C:/Program Files/Intel/DMIX;C:/maven/apache-maven-3.2.5/bin;C:/Windows/System32/Windows System Resource Manager/bin;C:/Windows/idmu/common;F:/eclipse_workspace_4.4/jndi-glassfish41-snippets/server/glassfish-4.1/glassfish4/bin
com.sun.enterprise.glassfish.bootstrap.ASMain
-upgrade
false
-domaindir
F:/eclipse_workspace_4.4/jndi-glassfish41-snippets/server/glassfish-4.1/glassfish4/glassfish/domains/domain1
-read-stdin
true
-asadmin-args
--host,,,localhost,,,--port,,,4848,,,--secure=false,,,--terse=false,,,--echo=false,,,--interactive=true,,,start-domain,,,--verbose=false,,,--watchdog=false,,,--debug=false,,,--domaindir,,,F:\eclipse_workspace_4.4\jndi-glassfish41-snippets\server\glassfish-4.1\glassfish4\glassfish\domains,,,domain1
-domainname
domain1
-instancename
server
-type
DAS
-verbose
false
-asadmin-classpath
F:/eclipse_workspace_4.4/jndi-glassfish41-snippets/server/glassfish-4.1/glassfish4/glassfish/lib/client/appserver-cli.jar
-debug
false
-asadmin-classname
com.sun.enterprise.admin.cli.AdminMain]]

[2015-06-12T17:36:15.651+0800] [glassfish 4.1] [INFO] [NCLS-LOGGING-00009] [javax.enterprise.logging] [tid: _ThreadID=18 _ThreadName=RunLevelControllerThread-1434101775567] [timeMillis: 1434101775651] [levelValue: 800] [[
  Running GlassFish Version: GlassFish Server Open Source Edition  4.1  (build 13)]]

[2015-06-12T17:36:15.652+0800] [glassfish 4.1] [INFO] [NCLS-LOGGING-00010] [javax.enterprise.logging] [tid: _ThreadID=18 _ThreadName=RunLevelControllerThread-1434101775567] [timeMillis: 1434101775652] [levelValue: 800] [[
  Server log file is using Formatter class: com.sun.enterprise.server.logging.ODLLogFormatter]]

[2015-06-12T17:36:15.740+0800] [glassfish 4.1] [INFO] [NCLS-SECURITY-01115] [javax.enterprise.system.core.security] [tid: _ThreadID=19 _ThreadName=RunLevelControllerThread-1434101775574] [timeMillis: 1434101775740] [levelValue: 800] [[
  Realm [admin-realm] of classtype [com.sun.enterprise.security.auth.realm.file.FileRealm] successfully created.]]

[2015-06-12T17:36:15.742+0800] [glassfish 4.1] [INFO] [NCLS-SECURITY-01115] [javax.enterprise.system.core.security] [tid: _ThreadID=19 _ThreadName=RunLevelControllerThread-1434101775574] [timeMillis: 1434101775742] [levelValue: 800] [[
  Realm [file] of classtype [com.sun.enterprise.security.auth.realm.file.FileRealm] successfully created.]]

[2015-06-12T17:36:15.745+0800] [glassfish 4.1] [INFO] [NCLS-SECURITY-01115] [javax.enterprise.system.core.security] [tid: _ThreadID=19 _ThreadName=RunLevelControllerThread-1434101775574] [timeMillis: 1434101775745] [levelValue: 800] [[
  Realm [certificate] of classtype [com.sun.enterprise.security.auth.realm.certificate.CertificateRealm] successfully created.]]

[2015-06-12T17:36:15.884+0800] [glassfish 4.1] [INFO] [SEC-SVCS-00100] [javax.enterprise.security.services] [tid: _ThreadID=17 _ThreadName=RunLevelControllerThread-1434101775566] [timeMillis: 1434101775884] [levelValue: 800] [[
  Authorization Service has successfully initialized.]]

[2015-06-12T17:36:15.910+0800] [glassfish 4.1] [INFO] [] [org.hibernate.validator.internal.util.Version] [tid: _ThreadID=20 _ThreadName=RunLevelControllerThread-1434101775574] [timeMillis: 1434101775910] [levelValue: 800] [[
  HV000001: Hibernate Validator 5.0.0.Final]]

[2015-06-12T17:36:15.984+0800] [glassfish 4.1] [INFO] [] [org.glassfish.ha.store.spi.BackingStoreFactoryRegistry] [tid: _ThreadID=18 _ThreadName=RunLevelControllerThread-1434101775567] [timeMillis: 1434101775984] [levelValue: 800] [[
  Registered org.glassfish.ha.store.adapter.cache.ShoalBackingStoreProxy for persistence-type = replicated in BackingStoreFactoryRegistry]]

[2015-06-12T17:36:16.290+0800] [glassfish 4.1] [INFO] [NCLS-CORE-00087] [javax.enterprise.system.core] [tid: _ThreadID=19 _ThreadName=RunLevelControllerThread-1434101775574] [timeMillis: 1434101776290] [levelValue: 800] [[
  Grizzly Framework 2.3.15 started in: 97ms - bound to [/0.0.0.0:8080]]]

[2015-06-12T17:36:16.306+0800] [glassfish 4.1] [INFO] [NCLS-CORE-00087] [javax.enterprise.system.core] [tid: _ThreadID=19 _ThreadName=RunLevelControllerThread-1434101775574] [timeMillis: 1434101776306] [levelValue: 800] [[
  Grizzly Framework 2.3.15 started in: 1ms - bound to [/0.0.0.0:8181]]]

[2015-06-12T17:36:16.313+0800] [glassfish 4.1] [INFO] [NCLS-CORE-00087] [javax.enterprise.system.core] [tid: _ThreadID=19 _ThreadName=RunLevelControllerThread-1434101775574] [timeMillis: 1434101776313] [levelValue: 800] [[
  Grizzly Framework 2.3.15 started in: 2ms - bound to [/0.0.0.0:4848]]]

[2015-06-12T17:36:16.344+0800] [glassfish 4.1] [INFO] [NCLS-CORE-00087] [javax.enterprise.system.core] [tid: _ThreadID=18 _ThreadName=RunLevelControllerThread-1434101775567] [timeMillis: 1434101776344] [levelValue: 800] [[
  Grizzly Framework 2.3.15 started in: 1ms - bound to [/0.0.0.0:3700]]]

[2015-06-12T17:36:16.346+0800] [glassfish 4.1] [INFO] [NCLS-CORE-00017] [javax.enterprise.system.core] [tid: _ThreadID=1 _ThreadName=main] [timeMillis: 1434101776346] [levelValue: 800] [[
  GlassFish Server Open Source Edition  4.1  (13) startup time : Felix (6,642ms), startup services(784ms), total(7,426ms)]]

[2015-06-12T17:36:16.658+0800] [glassfish 4.1] [INFO] [NCLS-JMX-00005] [javax.enterprise.system.jmx] [tid: _ThreadID=63 _ThreadName=Thread-14] [timeMillis: 1434101776658] [levelValue: 800] [[
  JMXStartupService has started JMXConnector on JMXService URL service:jmx:rmi://i3300.sc.local:8686/jndi/rmi://i3300.sc.local:8686/jmxrmi]]

[2015-06-12T17:36:16.687+0800] [glassfish 4.1] [INFO] [NCLS-CORE-00087] [javax.enterprise.system.core] [tid: _ThreadID=20 _ThreadName=RunLevelControllerThread-1434101775574] [timeMillis: 1434101776687] [levelValue: 800] [[
  Grizzly Framework 2.3.15 started in: 2ms - bound to [/0.0.0.0:7676]]]

[2015-06-12T17:36:16.689+0800] [glassfish 4.1] [INFO] [NCLS-BOOTSTRAP-00027] [javax.enterprise.bootstrap] [tid: _ThreadID=1 _ThreadName=main] [timeMillis: 1434101776689] [levelValue: 800] [[
  Registered com.sun.enterprise.glassfish.bootstrap.osgi.EmbeddedOSGiGlassFishImpl@3472947a as OSGi service registration: org.apache.felix.framework.ServiceRegistrationImpl@1a256d80.]]

[2015-06-12T17:36:49.271+0800] [glassfish 4.1] [INFO] [] [org.glassfish.jersey.server.ApplicationHandler] [tid: _ThreadID=52 _ThreadName=admin-listener(1)] [timeMillis: 1434101809271] [levelValue: 800] [[
  Initiating Jersey application, version Jersey: 2.10.4 2014-08-08 15:09:00...]]

[2015-06-12T17:36:49.581+0800] [glassfish 4.1] [INFO] [NCLS-REST-00001] [javax.enterprise.admin.rest] [tid: _ThreadID=52 _ThreadName=admin-listener(1)] [timeMillis: 1434101809581] [levelValue: 800] [[
  Listening to REST requests at context: /command/domain.]]

[2015-06-12T17:36:49.979+0800] [glassfish 4.1] [INFO] [NCLS-CORE-00092] [javax.enterprise.system.core] [tid: _ThreadID=90 _ThreadName=Thread-21] [timeMillis: 1434101809979] [levelValue: 800] [[
  Server shutdown initiated]]

[2015-06-12T17:36:49.981+0800] [glassfish 4.1] [INFO] [NCLS-BOOTSTRAP-00028] [javax.enterprise.bootstrap] [tid: _ThreadID=90 _ThreadName=Thread-21] [timeMillis: 1434101809981] [levelValue: 800] [[
  Unregistered com.sun.enterprise.glassfish.bootstrap.osgi.EmbeddedOSGiGlassFishImpl@3472947a from service registry.]]

[2015-06-12T17:36:49.982+0800] [glassfish 4.1] [INFO] [] [] [tid: _ThreadID=90 _ThreadName=Thread-8] [timeMillis: 1434101809982] [levelValue: 800] [[
  FileMonitoring shutdown]]

[2015-06-12T17:36:49.987+0800] [glassfish 4.1] [INFO] [NCLS-JMX-00002] [javax.enterprise.system.jmx] [tid: _ThreadID=90 _ThreadName=Thread-21] [timeMillis: 1434101809987] [levelValue: 800] [[
  JMXStartupService: Stopped JMXConnectorServer: null]]

[2015-06-12T17:36:49.988+0800] [glassfish 4.1] [INFO] [NCLS-JMX-00001] [javax.enterprise.system.jmx] [tid: _ThreadID=90 _ThreadName=Thread-21] [timeMillis: 1434101809988] [levelValue: 800] [[
  JMXStartupService and JMXConnectors have been shut down.]]

[2015-06-12T17:36:50.046+0800] [glassfish 4.1] [INFO] [] [] [tid: _ThreadID=95 _ThreadName=Thread-8] [timeMillis: 1434101810046] [levelValue: 800] [[
  JdbcRuntimeExtension,  getAllSystemRAResourcesAndPools = [GlassFishConfigBean.org.glassfish.jdbc.config.JdbcResource, GlassFishConfigBean.org.glassfish.jdbc.config.JdbcResource, GlassFishConfigBean.org.glassfish.jdbc.config.JdbcConnectionPool, GlassFishConfigBean.org.glassfish.jdbc.config.JdbcConnectionPool]]]

[2015-06-15T15:17:15.207+0800] [] [INFO] [NCLS-GFLAUNCHER-00005] [javax.enterprise.launcher] [tid: _ThreadID=1 _ThreadName=main] [timeMillis: 1434352635207] [levelValue: 800] [[
  JVM invocation command line:
C:\jdk\jdk1.8.0_45\bin\java.exe
-cp
F:/eclipse_workspace_4.4/jndi-glassfish41-snippets/server/glassfish-4.1/glassfish4/glassfish/modules/glassfish.jar
-XX:+UnlockDiagnosticVMOptions
-XX:NewRatio=2
-XX:MaxPermSize=192m
-Xmx512m
-client
-javaagent:F:/eclipse_workspace_4.4/jndi-glassfish41-snippets/server/glassfish-4.1/glassfish4/glassfish/lib/monitor/flashlight-agent.jar
-Djavax.xml.accessExternalSchema=all
-Djavax.net.ssl.trustStore=F:\eclipse_workspace_4.4\jndi-glassfish41-snippets\server\glassfish-4.1\glassfish4\glassfish\domains\domain1/config/cacerts.jks
-Djdk.corba.allowOutputStreamSubclass=true
-Dfelix.fileinstall.dir=F:\eclipse_workspace_4.4\jndi-glassfish41-snippets\server\glassfish-4.1\glassfish4\glassfish/modules/autostart/
-Dorg.glassfish.additionalOSGiBundlesToStart=org.apache.felix.shell,org.apache.felix.gogo.runtime,org.apache.felix.gogo.shell,org.apache.felix.gogo.command,org.apache.felix.shell.remote,org.apache.felix.fileinstall
-Dcom.sun.aas.installRoot=F:\eclipse_workspace_4.4\jndi-glassfish41-snippets\server\glassfish-4.1\glassfish4\glassfish
-Dfelix.fileinstall.poll=5000
-Djava.endorsed.dirs=F:\eclipse_workspace_4.4\jndi-glassfish41-snippets\server\glassfish-4.1\glassfish4\glassfish/modules/endorsed;F:\eclipse_workspace_4.4\jndi-glassfish41-snippets\server\glassfish-4.1\glassfish4\glassfish/lib/endorsed
-Djava.security.policy=F:\eclipse_workspace_4.4\jndi-glassfish41-snippets\server\glassfish-4.1\glassfish4\glassfish\domains\domain1/config/server.policy
-Dosgi.shell.telnet.maxconn=1
-Dfelix.fileinstall.bundles.startTransient=true
-Dcom.sun.enterprise.config.config_environment_factory_class=com.sun.enterprise.config.serverbeans.AppserverConfigEnvironmentFactory
-Dfelix.fileinstall.log.level=2
-Djavax.net.ssl.keyStore=F:\eclipse_workspace_4.4\jndi-glassfish41-snippets\server\glassfish-4.1\glassfish4\glassfish\domains\domain1/config/keystore.jks
-Djava.security.auth.login.config=F:\eclipse_workspace_4.4\jndi-glassfish41-snippets\server\glassfish-4.1\glassfish4\glassfish\domains\domain1/config/login.conf
-Dfelix.fileinstall.disableConfigSave=false
-Dfelix.fileinstall.bundles.new.start=true
-Dcom.sun.aas.instanceRoot=F:\eclipse_workspace_4.4\jndi-glassfish41-snippets\server\glassfish-4.1\glassfish4\glassfish\domains\domain1
-Dosgi.shell.telnet.port=6666
-Dgosh.args=--nointeractive
-Dcom.sun.enterprise.security.httpsOutboundKeyAlias=s1as
-Dosgi.shell.telnet.ip=127.0.0.1
-DANTLR_USE_DIRECT_CLASS_LOADING=true
-Djava.awt.headless=true
-Dcom.ctc.wstx.returnNullForDefaultNamespace=true
-Djava.ext.dirs=C:\jdk\jdk1.8.0_45/lib/ext;C:\jdk\jdk1.8.0_45/jre/lib/ext;F:\eclipse_workspace_4.4\jndi-glassfish41-snippets\server\glassfish-4.1\glassfish4\glassfish\domains\domain1/lib/ext
-Djdbc.drivers=org.apache.derby.jdbc.ClientDriver
-Djava.library.path=F:/eclipse_workspace_4.4/jndi-glassfish41-snippets/server/glassfish-4.1/glassfish4/glassfish/lib;C:/ProgramData/Oracle/Java/javapath;C:/Windows/Sun/Java/bin;C:/Windows/System32;C:/Windows;C:/Windows/System32/wbem;C:/Windows/System32/WindowsPowerShell/v1.0;C:/Program Files/Intel/DMIX;C:/maven/apache-maven-3.2.5/bin;C:/Windows/System32/Windows System Resource Manager/bin;C:/Windows/idmu/common;F:/eclipse_workspace_4.4/jndi-glassfish41-snippets/server/glassfish-4.1/glassfish4/bin
com.sun.enterprise.glassfish.bootstrap.ASMain
-upgrade
false
-domaindir
F:/eclipse_workspace_4.4/jndi-glassfish41-snippets/server/glassfish-4.1/glassfish4/glassfish/domains/domain1
-read-stdin
true
-asadmin-args
--host,,,localhost,,,--port,,,4848,,,--secure=false,,,--terse=false,,,--echo=false,,,--interactive=true,,,start-domain,,,--verbose=false,,,--watchdog=false,,,--debug=false,,,--domaindir,,,F:\eclipse_workspace_4.4\jndi-glassfish41-snippets\server\glassfish-4.1\glassfish4\glassfish\domains,,,domain1
-domainname
domain1
-instancename
server
-type
DAS
-verbose
false
-asadmin-classpath
F:/eclipse_workspace_4.4/jndi-glassfish41-snippets/server/glassfish-4.1/glassfish4/glassfish/lib/client/appserver-cli.jar
-debug
false
-asadmin-classname
com.sun.enterprise.admin.cli.AdminMain]]

[2015-06-15T15:17:23.400+0800] [glassfish 4.1] [INFO] [NCLS-LOGGING-00009] [javax.enterprise.logging] [tid: _ThreadID=17 _ThreadName=RunLevelControllerThread-1434352643287] [timeMillis: 1434352643400] [levelValue: 800] [[
  Running GlassFish Version: GlassFish Server Open Source Edition  4.1  (build 13)]]

[2015-06-15T15:17:23.401+0800] [glassfish 4.1] [INFO] [NCLS-LOGGING-00010] [javax.enterprise.logging] [tid: _ThreadID=17 _ThreadName=RunLevelControllerThread-1434352643287] [timeMillis: 1434352643401] [levelValue: 800] [[
  Server log file is using Formatter class: com.sun.enterprise.server.logging.ODLLogFormatter]]

[2015-06-15T15:17:23.514+0800] [glassfish 4.1] [INFO] [NCLS-SECURITY-01115] [javax.enterprise.system.core.security] [tid: _ThreadID=16 _ThreadName=RunLevelControllerThread-1434352643285] [timeMillis: 1434352643514] [levelValue: 800] [[
  Realm [admin-realm] of classtype [com.sun.enterprise.security.auth.realm.file.FileRealm] successfully created.]]

[2015-06-15T15:17:23.533+0800] [glassfish 4.1] [INFO] [NCLS-SECURITY-01115] [javax.enterprise.system.core.security] [tid: _ThreadID=16 _ThreadName=RunLevelControllerThread-1434352643285] [timeMillis: 1434352643533] [levelValue: 800] [[
  Realm [file] of classtype [com.sun.enterprise.security.auth.realm.file.FileRealm] successfully created.]]

[2015-06-15T15:17:23.537+0800] [glassfish 4.1] [INFO] [NCLS-SECURITY-01115] [javax.enterprise.system.core.security] [tid: _ThreadID=16 _ThreadName=RunLevelControllerThread-1434352643285] [timeMillis: 1434352643537] [levelValue: 800] [[
  Realm [certificate] of classtype [com.sun.enterprise.security.auth.realm.certificate.CertificateRealm] successfully created.]]

[2015-06-15T15:17:23.783+0800] [glassfish 4.1] [INFO] [] [org.glassfish.ha.store.spi.BackingStoreFactoryRegistry] [tid: _ThreadID=18 _ThreadName=RunLevelControllerThread-1434352643294] [timeMillis: 1434352643783] [levelValue: 800] [[
  Registered org.glassfish.ha.store.adapter.cache.ShoalBackingStoreProxy for persistence-type = replicated in BackingStoreFactoryRegistry]]

[2015-06-15T15:17:23.822+0800] [glassfish 4.1] [INFO] [SEC-SVCS-00100] [javax.enterprise.security.services] [tid: _ThreadID=16 _ThreadName=RunLevelControllerThread-1434352643285] [timeMillis: 1434352643822] [levelValue: 800] [[
  Authorization Service has successfully initialized.]]

[2015-06-15T15:17:24.142+0800] [glassfish 4.1] [INFO] [NCLS-CORE-00087] [javax.enterprise.system.core] [tid: _ThreadID=19 _ThreadName=RunLevelControllerThread-1434352643294] [timeMillis: 1434352644142] [levelValue: 800] [[
  Grizzly Framework 2.3.15 started in: 56ms - bound to [/0.0.0.0:8080]]]

[2015-06-15T15:17:24.160+0800] [glassfish 4.1] [INFO] [NCLS-CORE-00087] [javax.enterprise.system.core] [tid: _ThreadID=19 _ThreadName=RunLevelControllerThread-1434352643294] [timeMillis: 1434352644160] [levelValue: 800] [[
  Grizzly Framework 2.3.15 started in: 1ms - bound to [/0.0.0.0:8181]]]

[2015-06-15T15:17:24.166+0800] [glassfish 4.1] [INFO] [NCLS-CORE-00087] [javax.enterprise.system.core] [tid: _ThreadID=19 _ThreadName=RunLevelControllerThread-1434352643294] [timeMillis: 1434352644166] [levelValue: 800] [[
  Grizzly Framework 2.3.15 started in: 2ms - bound to [/0.0.0.0:4848]]]

[2015-06-15T15:17:24.197+0800] [glassfish 4.1] [INFO] [NCLS-CORE-00087] [javax.enterprise.system.core] [tid: _ThreadID=19 _ThreadName=RunLevelControllerThread-1434352643294] [timeMillis: 1434352644197] [levelValue: 800] [[
  Grizzly Framework 2.3.15 started in: 1ms - bound to [/0.0.0.0:3700]]]

[2015-06-15T15:17:24.199+0800] [glassfish 4.1] [INFO] [NCLS-CORE-00017] [javax.enterprise.system.core] [tid: _ThreadID=1 _ThreadName=main] [timeMillis: 1434352644199] [levelValue: 800] [[
  GlassFish Server Open Source Edition  4.1  (13) startup time : Felix (7,850ms), startup services(918ms), total(8,768ms)]]

[2015-06-15T15:17:24.422+0800] [glassfish 4.1] [INFO] [NCLS-JMX-00005] [javax.enterprise.system.jmx] [tid: _ThreadID=51 _ThreadName=Thread-11] [timeMillis: 1434352644422] [levelValue: 800] [[
  JMXStartupService has started JMXConnector on JMXService URL service:jmx:rmi://i3300.sc.local:8686/jndi/rmi://i3300.sc.local:8686/jmxrmi]]

[2015-06-15T15:17:24.575+0800] [glassfish 4.1] [INFO] [] [org.hibernate.validator.internal.util.Version] [tid: _ThreadID=16 _ThreadName=RunLevelControllerThread-1434352643285] [timeMillis: 1434352644575] [levelValue: 800] [[
  HV000001: Hibernate Validator 5.0.0.Final]]

[2015-06-15T15:17:24.852+0800] [glassfish 4.1] [INFO] [NCLS-CORE-00087] [javax.enterprise.system.core] [tid: _ThreadID=16 _ThreadName=RunLevelControllerThread-1434352643285] [timeMillis: 1434352644852] [levelValue: 800] [[
  Grizzly Framework 2.3.15 started in: 1ms - bound to [/0.0.0.0:7676]]]

[2015-06-15T15:17:24.854+0800] [glassfish 4.1] [INFO] [NCLS-BOOTSTRAP-00027] [javax.enterprise.bootstrap] [tid: _ThreadID=1 _ThreadName=main] [timeMillis: 1434352644854] [levelValue: 800] [[
  Registered com.sun.enterprise.glassfish.bootstrap.osgi.EmbeddedOSGiGlassFishImpl@26ae880a as OSGi service registration: org.apache.felix.framework.ServiceRegistrationImpl@50d3bf39.]]

[2015-06-15T15:19:07.792+0800] [glassfish 4.1] [INFO] [NCLS-CORE-00087] [javax.enterprise.system.core] [tid: _ThreadID=94 _ThreadName=pool-24-thread-1] [timeMillis: 1434352747792] [levelValue: 800] [[
  Grizzly Framework 2.3.15 started in: 2ms - bound to [/0.0.0.0:8080]]]

[2015-06-15T15:19:07.800+0800] [glassfish 4.1] [INFO] [NCLS-CORE-00087] [javax.enterprise.system.core] [tid: _ThreadID=94 _ThreadName=pool-24-thread-1] [timeMillis: 1434352747800] [levelValue: 800] [[
  Grizzly Framework 2.3.15 started in: 1ms - bound to [/0.0.0.0:8181]]]

[2015-06-15T15:19:08.478+0800] [glassfish 4.1] [INFO] [] [javax.enterprise.system.tools.deployment.common] [tid: _ThreadID=112 _ThreadName=Thread-21] [timeMillis: 1434352748478] [levelValue: 800] [[
  visiting unvisited references]]

[2015-06-15T15:19:09.312+0800] [glassfish 4.1] [INFO] [AS-WEB-GLUE-00198] [javax.enterprise.web] [tid: _ThreadID=112 _ThreadName=Thread-21] [timeMillis: 1434352749312] [levelValue: 800] [[
  Created HTTP listener http-listener-1 on host/port 0.0.0.0:8080]]

[2015-06-15T15:19:09.315+0800] [glassfish 4.1] [INFO] [AS-WEB-GLUE-00198] [javax.enterprise.web] [tid: _ThreadID=112 _ThreadName=Thread-21] [timeMillis: 1434352749315] [levelValue: 800] [[
  Created HTTP listener http-listener-2 on host/port 0.0.0.0:8181]]

[2015-06-15T15:19:09.317+0800] [glassfish 4.1] [INFO] [AS-WEB-GLUE-00198] [javax.enterprise.web] [tid: _ThreadID=112 _ThreadName=Thread-21] [timeMillis: 1434352749317] [levelValue: 800] [[
  Created HTTP listener admin-listener on host/port 0.0.0.0:4848]]

[2015-06-15T15:19:09.343+0800] [glassfish 4.1] [INFO] [AS-WEB-GLUE-00200] [javax.enterprise.web] [tid: _ThreadID=112 _ThreadName=Thread-21] [timeMillis: 1434352749343] [levelValue: 800] [[
  Created virtual server server]]

[2015-06-15T15:19:09.345+0800] [glassfish 4.1] [INFO] [AS-WEB-GLUE-00200] [javax.enterprise.web] [tid: _ThreadID=112 _ThreadName=Thread-21] [timeMillis: 1434352749345] [levelValue: 800] [[
  Created virtual server __asadmin]]

[2015-06-15T15:19:09.673+0800] [glassfish 4.1] [INFO] [AS-WEB-CORE-00306] [javax.enterprise.web.core] [tid: _ThreadID=112 _ThreadName=Thread-21] [timeMillis: 1434352749673] [levelValue: 800] [[
  Setting JAAS app name glassfish-web]]

[2015-06-15T15:19:09.677+0800] [glassfish 4.1] [INFO] [AS-WEB-GLUE-00201] [javax.enterprise.web] [tid: _ThreadID=112 _ThreadName=Thread-21] [timeMillis: 1434352749677] [levelValue: 800] [[
  Virtual server server loaded default web module ]]

[2015-06-15T15:19:09.966+0800] [glassfish 4.1] [INFO] [NCLS-SECURITY-01002] [javax.enterprise.system.core.security] [tid: _ThreadID=112 _ThreadName=Thread-21] [timeMillis: 1434352749966] [levelValue: 800] [[
  Java security manager is disabled.]]

[2015-06-15T15:19:09.967+0800] [glassfish 4.1] [INFO] [NCLS-SECURITY-01010] [javax.enterprise.system.core.security] [tid: _ThreadID=112 _ThreadName=Thread-21] [timeMillis: 1434352749967] [levelValue: 800] [[
  Entering Security Startup Service.]]

[2015-06-15T15:19:09.970+0800] [glassfish 4.1] [INFO] [NCLS-SECURITY-01143] [javax.enterprise.system.core.security] [tid: _ThreadID=112 _ThreadName=Thread-21] [timeMillis: 1434352749970] [levelValue: 800] [[
  Loading policy provider com.sun.enterprise.security.provider.PolicyWrapper.]]

[2015-06-15T15:19:10.017+0800] [glassfish 4.1] [INFO] [NCLS-SECURITY-01011] [javax.enterprise.system.core.security] [tid: _ThreadID=112 _ThreadName=Thread-21] [timeMillis: 1434352750017] [levelValue: 800] [[
  Security Service(s) started successfully.]]

[2015-06-15T15:19:10.228+0800] [glassfish 4.1] [INFO] [] [javax.enterprise.system.tools.deployment.common] [tid: _ThreadID=112 _ThreadName=Thread-21] [timeMillis: 1434352750228] [levelValue: 800] [[
  visiting unvisited references]]

[2015-06-15T15:19:10.251+0800] [glassfish 4.1] [INFO] [] [javax.enterprise.system.tools.deployment.common] [tid: _ThreadID=112 _ThreadName=Thread-21] [timeMillis: 1434352750251] [levelValue: 800] [[
  visiting unvisited references]]

[2015-06-15T15:19:10.252+0800] [glassfish 4.1] [INFO] [] [javax.enterprise.system.tools.deployment.common] [tid: _ThreadID=112 _ThreadName=Thread-21] [timeMillis: 1434352750252] [levelValue: 800] [[
  visiting unvisited references]]

[2015-06-15T15:19:10.791+0800] [glassfish 4.1] [INFO] [] [org.glassfish.jersey.server.ApplicationHandler] [tid: _ThreadID=45 _ThreadName=admin-listener(3)] [timeMillis: 1434352750791] [levelValue: 800] [[
  Initiating Jersey application, version Jersey: 2.10.4 2014-08-08 15:09:00...]]

[2015-06-15T15:19:11.750+0800] [glassfish 4.1] [INFO] [NCLS-REST-00001] [javax.enterprise.admin.rest] [tid: _ThreadID=45 _ThreadName=admin-listener(3)] [timeMillis: 1434352751750] [levelValue: 800] [[
  Listening to REST requests at context: /management/domain.]]

[2015-06-15T15:19:11.845+0800] [glassfish 4.1] [INFO] [jsf.config.listener.version] [javax.enterprise.resource.webcontainer.jsf.config] [tid: _ThreadID=112 _ThreadName=Thread-21] [timeMillis: 1434352751845] [levelValue: 800] [[
  Initializing Mojarra 2.2.7 ( 20140610-1547 https://svn.java.net/svn/mojarra~svn/tags/2.2.7@13362) for context '']]

[2015-06-15T15:19:12.929+0800] [glassfish 4.1] [INFO] [AS-WEB-GLUE-00172] [javax.enterprise.web] [tid: _ThreadID=112 _ThreadName=Thread-21] [timeMillis: 1434352752929] [levelValue: 800] [[
  Loading application [__admingui] at [/]]]

[2015-06-15T15:19:12.930+0800] [glassfish 4.1] [INFO] [NCLS-CORE-00022] [javax.enterprise.system.core] [tid: _ThreadID=112 _ThreadName=Thread-21] [timeMillis: 1434352752930] [levelValue: 800] [[
  Loading application __admingui done in 4,931 ms]]

[2015-06-15T15:19:13.509+0800] [glassfish 4.1] [WARNING] [] [javax.enterprise.system.container.web.com.sun.web.security] [tid: _ThreadID=46 _ThreadName=admin-listener(4)] [timeMillis: 1434352753509] [levelValue: 900] [[
  Context path from ServletContext:  differs from path from bundle: /]]

[2015-06-15T15:19:15.584+0800] [glassfish 4.1] [INFO] [] [org.glassfish.admingui] [tid: _ThreadID=47 _ThreadName=admin-listener(5)] [timeMillis: 1434352755584] [levelValue: 800] [[
  Redirecting to /index.jsf]]

[2015-06-15T15:19:15.725+0800] [glassfish 4.1] [INFO] [] [org.glassfish.admingui] [tid: _ThreadID=46 _ThreadName=admin-listener(4)] [timeMillis: 1434352755725] [levelValue: 800] [[
  Admin Console: Initializing Session Attributes...]]

[2015-06-15T15:19:15.888+0800] [glassfish 4.1] [WARNING] [] [java.util.prefs] [tid: _ThreadID=46 _ThreadName=admin-listener(4)] [timeMillis: 1434352755888] [levelValue: 900] [[
  Could not open/create prefs root node Software\JavaSoft\Prefs at root 0x80000002. Windows RegCreateKeyEx(...) returned error code 5.]]

[2015-06-15T15:19:38.549+0800] [glassfish 4.1] [INFO] [NCLS-SECURITY-01117] [javax.enterprise.system.core.security] [tid: _ThreadID=46 _ThreadName=admin-listener(4)] [timeMillis: 1434352778549] [levelValue: 800] [[
  Realm [admin-realm] successfully updated.]]

[2015-06-15T15:21:00.263+0800] [glassfish 4.1] [INFO] [] [] [tid: _ThreadID=46 _ThreadName=Thread-8] [timeMillis: 1434352860263] [levelValue: 800] [[
  =======stopInstance Called...]]

[2015-06-15T15:21:00.278+0800] [glassfish 4.1] [INFO] [NCLS-CORE-00092] [javax.enterprise.system.core] [tid: _ThreadID=141 _ThreadName=Thread-34] [timeMillis: 1434352860278] [levelValue: 800] [[
  Server shutdown initiated]]

[2015-06-15T15:21:00.281+0800] [glassfish 4.1] [INFO] [NCLS-BOOTSTRAP-00028] [javax.enterprise.bootstrap] [tid: _ThreadID=141 _ThreadName=Thread-34] [timeMillis: 1434352860281] [levelValue: 800] [[
  Unregistered com.sun.enterprise.glassfish.bootstrap.osgi.EmbeddedOSGiGlassFishImpl@26ae880a from service registry.]]

[2015-06-15T15:21:00.283+0800] [glassfish 4.1] [INFO] [] [] [tid: _ThreadID=141 _ThreadName=Thread-8] [timeMillis: 1434352860283] [levelValue: 800] [[
  FileMonitoring shutdown]]

[2015-06-15T15:21:00.288+0800] [glassfish 4.1] [INFO] [NCLS-JMX-00002] [javax.enterprise.system.jmx] [tid: _ThreadID=141 _ThreadName=Thread-34] [timeMillis: 1434352860288] [levelValue: 800] [[
  JMXStartupService: Stopped JMXConnectorServer: null]]

[2015-06-15T15:21:00.289+0800] [glassfish 4.1] [INFO] [NCLS-JMX-00001] [javax.enterprise.system.jmx] [tid: _ThreadID=141 _ThreadName=Thread-34] [timeMillis: 1434352860289] [levelValue: 800] [[
  JMXStartupService and JMXConnectors have been shut down.]]

[2015-06-15T15:21:00.396+0800] [glassfish 4.1] [INFO] [] [] [tid: _ThreadID=146 _ThreadName=Thread-8] [timeMillis: 1434352860396] [levelValue: 800] [[
  JdbcRuntimeExtension,  getAllSystemRAResourcesAndPools = [GlassFishConfigBean.org.glassfish.jdbc.config.JdbcResource, GlassFishConfigBean.org.glassfish.jdbc.config.JdbcResource, GlassFishConfigBean.org.glassfish.jdbc.config.JdbcConnectionPool, GlassFishConfigBean.org.glassfish.jdbc.config.JdbcConnectionPool]]]

